<?xml version="1.0" encoding="UTF-8"?>
<testng-results ignored="0" total="2" passed="2" failed="0" skipped="0">
  <reporter-output>
  </reporter-output>
  <suite started-at="2024-04-23T13:56:53 IST" name="Default suite" finished-at="2024-04-23T13:57:24 IST" duration-ms="31086">
    <groups>
    </groups>
    <test started-at="2024-04-23T13:56:53 IST" name="Default test" finished-at="2024-04-23T13:57:24 IST" duration-ms="31086">
      <class name="TestCases.AppntmntBooking">
        <test-method is-config="true" signature="setup()[pri:0, instance:TestCases.AppntmntBooking@3f4faf53]" started-at="2024-04-23T13:56:53 IST" name="setup" finished-at="2024-04-23T13:57:02 IST" duration-ms="8809" status="PASS">
          <reporter-output>
          </reporter-output>
        </test-method> <!-- setup -->
        <test-method signature="appointmentbooking(java.lang.String,java.lang.String,java.lang.String,java.lang.String,java.lang.String,java.lang.String)[pri:0, instance:TestCases.AppntmntBooking@3f4faf53]" started-at="2024-04-23T13:57:04 IST" name="appointmentbooking" data-provider="inputdata" finished-at="2024-04-23T13:57:15 IST" duration-ms="10301" status="PASS">
          <params>
            <param index="0">
              <value>
                <![CDATA[Tokyo CURA Healthcare Center]]>
              </value>
            </param>
            <param index="1">
              <value>
                <![CDATA[Tokyo]]>
              </value>
            </param>
            <param index="2">
              <value>
                <![CDATA[Yes]]>
              </value>
            </param>
            <param index="3">
              <value>
                <![CDATA[Medicare]]>
              </value>
            </param>
            <param index="4">
              <value>
                <![CDATA[May 2024]]>
              </value>
            </param>
            <param index="5">
              <value>
                <![CDATA[15]]>
              </value>
            </param>
          </params>
          <reporter-output>
          </reporter-output>
        </test-method> <!-- appointmentbooking -->
        <test-method signature="appointmentbooking(java.lang.String,java.lang.String,java.lang.String,java.lang.String,java.lang.String,java.lang.String)[pri:0, instance:TestCases.AppntmntBooking@3f4faf53]" started-at="2024-04-23T13:57:15 IST" name="appointmentbooking" data-provider="inputdata" finished-at="2024-04-23T13:57:24 IST" duration-ms="9234" status="PASS">
          <params>
            <param index="0">
              <value>
                <![CDATA[Tokyo CURA Healthcare Center]]>
              </value>
            </param>
            <param index="1">
              <value>
                <![CDATA[Tokyo]]>
              </value>
            </param>
            <param index="2">
              <value>
                <![CDATA[No]]>
              </value>
            </param>
            <param index="3">
              <value>
                <![CDATA[Medicaid]]>
              </value>
            </param>
            <param index="4">
              <value>
                <![CDATA[July 2024]]>
              </value>
            </param>
            <param index="5">
              <value>
                <![CDATA[23]]>
              </value>
            </param>
          </params>
          <reporter-output>
          </reporter-output>
        </test-method> <!-- appointmentbooking -->
      </class> <!-- TestCases.AppntmntBooking -->
    </test> <!-- Default test -->
  </suite> <!-- Default suite -->
</testng-results>
