<?xml version="1.0" encoding="UTF-8"?>
<testng-results ignored="0" total="3" passed="3" failed="0" skipped="0">
  <reporter-output>
  </reporter-output>
  <suite started-at="2023-11-20T23:14:06 IST" name="Default suite" finished-at="2023-11-20T23:14:54 IST" duration-ms="48009">
    <groups>
    </groups>
    <test started-at="2023-11-20T23:14:06 IST" name="Default test" finished-at="2023-11-20T23:14:54 IST" duration-ms="48009">
      <class name="TestCases.CreateResgistration">
        <test-method is-config="true" signature="setup()[pri:0, instance:TestCases.CreateResgistration@6fa51cd4]" started-at="2023-11-20T23:14:06 IST" name="setup" finished-at="2023-11-20T23:14:16 IST" duration-ms="9595" status="PASS">
          <reporter-output>
          </reporter-output>
        </test-method> <!-- setup -->
        <test-method signature="newregistration(java.lang.String,java.lang.String,java.lang.String,java.lang.String,java.lang.String)[pri:0, instance:TestCases.CreateResgistration@6fa51cd4]" started-at="2023-11-20T23:14:17 IST" name="newregistration" data-provider="regndata" finished-at="2023-11-20T23:14:46 IST" duration-ms="29489" status="PASS">
          <params>
            <param index="0">
              <value>
                <![CDATA[lumatest]]>
              </value>
            </param>
            <param index="1">
              <value>
                <![CDATA[user1]]>
              </value>
            </param>
            <param index="2">
              <value>
                <![CDATA[lumatstusr1@gmail.com]]>
              </value>
            </param>
            <param index="3">
              <value>
                <![CDATA[Secure#123]]>
              </value>
            </param>
            <param index="4">
              <value>
                <![CDATA[Secure#123]]>
              </value>
            </param>
          </params>
          <reporter-output>
          </reporter-output>
        </test-method> <!-- newregistration -->
        <test-method signature="newregistration(java.lang.String,java.lang.String,java.lang.String,java.lang.String,java.lang.String)[pri:0, instance:TestCases.CreateResgistration@6fa51cd4]" started-at="2023-11-20T23:14:47 IST" name="newregistration" data-provider="regndata" finished-at="2023-11-20T23:14:49 IST" duration-ms="2811" status="PASS">
          <params>
            <param index="0">
              <value>
                <![CDATA[lumatest]]>
              </value>
            </param>
            <param index="1">
              <value>
                <![CDATA[user2]]>
              </value>
            </param>
            <param index="2">
              <value>
                <![CDATA[lumatstusr2@gmail.com]]>
              </value>
            </param>
            <param index="3">
              <value>
                <![CDATA[Abcd123]]>
              </value>
            </param>
            <param index="4">
              <value>
                <![CDATA[Abcd123]]>
              </value>
            </param>
          </params>
          <reporter-output>
          </reporter-output>
        </test-method> <!-- newregistration -->
        <test-method signature="newregistration(java.lang.String,java.lang.String,java.lang.String,java.lang.String,java.lang.String)[pri:0, instance:TestCases.CreateResgistration@6fa51cd4]" started-at="2023-11-20T23:14:49 IST" name="newregistration" data-provider="regndata" finished-at="2023-11-20T23:14:54 IST" duration-ms="5114" status="PASS">
          <params>
            <param index="0">
              <value>
                <![CDATA[luma3]]>
              </value>
            </param>
            <param index="1">
              <value>
                <![CDATA[testuser]]>
              </value>
            </param>
            <param index="2">
              <value>
                <![CDATA[lumatest3@gmail.com]]>
              </value>
            </param>
            <param index="3">
              <value>
                <![CDATA[Secure#123]]>
              </value>
            </param>
            <param index="4">
              <value>
                <![CDATA[Secure#123]]>
              </value>
            </param>
          </params>
          <reporter-output>
          </reporter-output>
        </test-method> <!-- newregistration -->
      </class> <!-- TestCases.CreateResgistration -->
    </test> <!-- Default test -->
  </suite> <!-- Default suite -->
</testng-results>
