<?xml version="1.0" encoding="UTF-8"?>
<!-- Generated by org.testng.reporters.JUnitXMLReporter -->
<testsuite ignored="0" hostname="DESKTOP-SGMB6T8" failures="0" tests="7" name="Default test" time="21.902" errors="0" timestamp="2023-11-15T20:43:25 IST">
  <testcase classname="TestCases.StandardUserTestCase" name="loginuser" time="0.691"/>
  <testcase classname="TestCases.StandardUserTestCase" name="purchaseproduct" time="1.651"/>
  <testcase classname="TestCases.StandardUserTestCase" name="purchaseproduct" time="1.26"/>
  <testcase classname="TestCases.StandardUserTestCase" name="purchaseproduct" time="1.245"/>
  <testcase classname="TestCases.StandardUserTestCase" name="purchaseproduct" time="1.254"/>
  <testcase classname="TestCases.StandardUserTestCase" name="purchaseproduct" time="1.213"/>
  <testcase classname="TestCases.StandardUserTestCase" name="purchaseproduct" time="1.273"/>
</testsuite> <!-- Default test -->
